#
# A fatal error has been detected by the Java Runtime Environment:
#
#  EXCEPTION_ACCESS_VIOLATION (0xc0000005) at pc=0x00007ffeaaf2bcaa, pid=17212, tid=3208
#
# JRE version: Java(TM) SE Runtime Environment (20.0+36) (build 20+36-2344)
# Java VM: Java HotSpot(TM) 64-Bit Server VM (20+36-2344, mixed mode, emulated-client, sharing, tiered, compressed oops, compressed class ptrs, g1 gc, windows-amd64)
# Problematic frame:
# V  [jvm.dll+0x3cbcaa]
#
# No core dump will be written. Minidumps are not enabled by default on client versions of Windows
#
# If you would like to submit a bug report, please visit:
#   https://bugreport.java.com/bugreport/crash.jsp
#

---------------  S U M M A R Y ------------

Command Line: -Djava.vendor=New Oracle -Dcom.sun.management.jmxremote -Dcom.sun.management.jmxremote.port=56633 -Dcom.sun.management.jmxremote.authenticate=false -Dcom.sun.management.jmxremote.ssl=false -Djava.rmi.server.hostname=localhost -Dspring.jmx.enabled=true -Dmanagement.endpoints.jmx.exposure.include=* -Dspring.application.admin.enabled=true -XX:TieredStopAtLevel=1 -Dspring.boot.project.name=purchase-order -Dfile.encoding=UTF-8 -XX:+ShowCodeDetailsInExceptionMessages com.inventory.purchaseorder.PurchaseOrderApplication --spring.output.ansi.enabled=always

Host: 13th Gen Intel(R) Core(TM) i7-1365U, 12 cores, 15G,  Windows 11 , 64 bit Build 22621 (10.0.22621.2506)
Time: Wed Jan 10 12:38:29 2024 India Standard Time elapsed time: 5101.575437 seconds (0d 1h 25m 1s)

---------------  T H R E A D  ---------------

Current thread (0x0000015c199accc0):  JavaThread "C1 CompilerThread0" daemon [_thread_in_vm, id=3208, stack(0x0000001c34200000,0x0000001c34300000)]


Current CompileTask:
C1:5101575 8455       1       java.io.ObjectInputFilter$Config::traceFilter (14 bytes)

Stack: [0x0000001c34200000,0x0000001c34300000],  sp=0x0000001c342fde90,  free space=1015k
Native frames: (J=compiled Java code, j=interpreted, Vv=VM code, C=native code)
V  [jvm.dll+0x3cbcaa]
V  [jvm.dll+0x3ccc52]
V  [jvm.dll+0x5c161c]
V  [jvm.dll+0x5bf187]
V  [jvm.dll+0x5bf3c7]
V  [jvm.dll+0x1efcd5]
V  [jvm.dll+0x1ef930]
V  [jvm.dll+0x2093d1]
V  [jvm.dll+0x161aed]
V  [jvm.dll+0x164687]
V  [jvm.dll+0x162bac]
V  [jvm.dll+0x16b492]
V  [jvm.dll+0x16a925]
V  [jvm.dll+0x162405]
V  [jvm.dll+0x164687]
V  [jvm.dll+0x162ca5]
V  [jvm.dll+0x15cafa]
V  [jvm.dll+0x16c606]
V  [jvm.dll+0x157d40]
V  [jvm.dll+0x1580c3]
V  [jvm.dll+0x158384]
V  [jvm.dll+0x1577c6]
V  [jvm.dll+0x1594fd]
V  [jvm.dll+0x259e1b]
V  [jvm.dll+0x2584f0]
V  [jvm.dll+0x3f2895]
V  [jvm.dll+0x7f4906]
V  [jvm.dll+0x6ba5cb]
C  [ucrtbase.dll+0x29363]
C  [KERNEL32.DLL+0x1257d]
C  [ntdll.dll+0x5aa58]


siginfo: EXCEPTION_ACCESS_VIOLATION (0xc0000005), reading address 0x0000000000000048


Registers:
RAX=0x000000000000002c, RBX=0x0000000800a60758, RCX=0x0000000000000000, RDX=0x0000000000000000
RSP=0x0000001c342fde90, RBP=0x0000000800a60758, RSI=0x0000000000000000, RDI=0x0000000000000001
R8 =0x0000000000000058, R9 =0x0000000000000000, R10=0x0000000800484810, R11=0x0000000000000000
R12=0x00000008005af8e8, R13=0x0000000800328318, R14=0x0000000800484810, R15=0x00000008005af8e8
RIP=0x00007ffeaaf2bcaa, EFLAGS=0x0000000000010202


Register to memory mapping:

RIP=0x00007ffeaaf2bcaa jvm.dll
RAX=0x000000000000002c is an unknown value
RBX=0x0000000800a60758 is pointing into metadata
RCX=0x0 is NULL
RDX=0x0 is NULL
RSP=0x0000001c342fde90 is pointing into the stack for thread: 0x0000015c199accc0
RBP=0x0000000800a60758 is pointing into metadata
RSI=0x0 is NULL
RDI=0x0000000000000001 is an unknown value
R8 =0x0000000000000058 is an unknown value
R9 =0x0 is NULL
R10=0x0000000800484810 is pointing into metadata
R11=0x0 is NULL
R12=0x00000008005af8e8 is pointing into metadata
R13=0x0000000800328318 is a pointer to class: 
java.util.logging.Logger {0x0000000800328320}
 - instance size:     7
 - klass size:        123
 - access:            public synchronized 
 - state:             fully_initialized
 - name:              'java/util/logging/Logger'
 - super:             'java/lang/Object'
 - sub:               'java/util/logging/LogManager$RootLogger'   
 - arrays:            NULL
 - methods:           Array<T>(0x0000000800a60758)
 - method ordering:   Array<T>(0x0000000800a62068)
 - default_methods:   Array<T>(0x0000000000000000)
 - local interfaces:  Array<T>(0x000000080060e540)
 - trans. interfaces: Array<T>(0x000000080060e540)
 - constants:         constant pool [742]/operands[17] {0x0000000800a5ca68} for 'java/util/logging/Logger' cache=0x0000000800328a38
 - class loader data:  loader data: 0x0000015c06a1c920 of 'bootstrap'
 - source file:       'Logger.java'
 - class annotations:       Array<T>(0x0000000000000000)
 - class type annotations:  Array<T>(0x0000000000000000)
 - field annotations:       Array<T>(0x0000000800a60658)
 - field type annotations:  Array<T>(0x0000000000000000)
 - inner classes:     Array<T>(0x0000000800a60710)
 - nest members:     Array<T>(0x0000000800a621d0)
 - permitted subclasses:     Array<T>(0x000000080060e4c8)
 - java mirror:       a 'java/lang/Class'{0x0000000705ca7790} = 'java/util/logging/Logger'
 - vtable length      64  (start addr: 0x00000008003284d8)
 - itable length      2 (start addr: 0x00000008003286d8)
 - ---- static fields (4 words):
 - private static final '
[error occurred during error reporting (printing register info), id 0xc0000005, EXCEPTION_ACCESS_VIOLATION (0xc0000005) at pc=0x00007ffeab3162d6]
Top of Stack: (sp=0x0000001c342fde90)
0x0000001c342fde90:   0000000000000000 00007ffeaaf2cc52
0x0000001c342fdea0:   0000015c1edde1f0 00007ffeaad612f8
0x0000001c342fdeb0:   0000000800321a10 0000015c1edde1f0
0x0000001c342fdec0:   0000000800328318 0000001c342fe1c0
0x0000001c342fded0:   00000008005af8e8 00007ffeab12161c
0x0000001c342fdee0:   0000000000000000 0000001c342fdfe0
0x0000001c342fdef0:   0000015c199accc0 0000000800484810
0x0000001c342fdf00:   0000000000000000 00007ffeab1ec2af
0x0000001c342fdf10:   00000008005aa7b0 0000000800321a10
0x0000001c342fdf20:   0000001c342fe0c0 0000015c069f7e20
0x0000001c342fdf30:   0000015c1e906818 00007ffeaad4f88b
0x0000001c342fdf40:   0000000000000000 0000000000000000
0x0000001c342fdf50:   0000001c342ff300 0000000000000000
0x0000001c342fdf60:   0000000000000000 0000015c199accc0
0x0000001c342fdf70:   0000001c342fe018 00007ffeaad69c9a
0x0000001c342fdf80:   0000000085f74274 0000015c198c5e70
0x0000001c342fdf90:   0000000000000017 0000015c199accc0
0x0000001c342fdfa0:   0000001c342ff300 00007ffeab29477b
0x0000001c342fdfb0:   00007ffeab6a41c0 0000015c1e907480
0x0000001c342fdfc0:   0000015c1e9069c0 0000001c342fe0c0
0x0000001c342fdfd0:   0000015c205c0038 00007ffeaad67dfa
0x0000001c342fdfe0:   0000015c205bd178 0000015c1e907538
0x0000001c342fdff0:   0000000000000001 0000015c1e907518
0x0000001c342fe000:   0000015c1a59e200 0000015c1a59d810
0x0000001c342fe010:   00009f29df8cff7c 0000015c198c5e48
0x0000001c342fe020:   0000015c1e907298 0000015c1e906818
0x0000001c342fe030:   00000008005af8e8 0000000800484810
0x0000001c342fe040:   0000001c342fe1c0 0000015c199accc0
0x0000001c342fe050:   00000000000000b6 00007ffeab11f187
0x0000001c342fe060:   0000015c1e906818 0000001c342fe1c0
0x0000001c342fe070:   0000015c1e907460 0000015c1e9073a0
0x0000001c342fe080:   0000001c342fe120 0000000000000000 

Instructions: (pc=0x00007ffeaaf2bcaa)
0x00007ffeaaf2bbaa:   f7 2e 00 c6 05 cd 56 7e 00 01 4c 8b f3 48 8b 9b
0x00007ffeaaf2bbba:   70 01 00 00 41 ff c4 48 85 db 0f 85 06 ff ff ff
0x00007ffeaaf2bbca:   48 8b bc 24 88 00 00 00 48 8b ac 24 90 00 00 00
0x00007ffeaaf2bbda:   48 83 3d be 5a 7e 00 00 4c 8b 6c 24 40 48 8b 5c
0x00007ffeaaf2bbea:   24 68 74 12 44 8b c6 48 8d 0d 68 52 5c 00 41 8b
0x00007ffeaaf2bbfa:   d4 e8 50 66 ff ff 48 83 3f 00 4c 8b 64 24 48 48
0x00007ffeaaf2bc0a:   8b 74 24 58 74 18 48 8b 94 24 98 00 00 00 49 8b
0x00007ffeaaf2bc1a:   cf e8 40 74 cf ff 48 8b cf e8 48 73 cf ff 49 39
0x00007ffeaaf2bc2a:   6f 18 74 11 48 8b 44 24 20 49 89 47 20 49 89 7f
0x00007ffeaaf2bc3a:   10 49 89 6f 18 48 8b 7c 24 50 48 8b 6c 24 60 4c
0x00007ffeaaf2bc4a:   8b 7c 24 38 48 83 c4 70 41 5e c3 cc cc cc cc cc
0x00007ffeaaf2bc5a:   cc cc cc cc cc cc 40 53 80 3d 17 56 7e 00 00 4c
0x00007ffeaaf2bc6a:   8b d2 48 8b d9 74 06 5b e9 19 c2 ff ff 44 8b 01
0x00007ffeaaf2bc7a:   45 33 c9 41 83 e8 01 78 3f 0f 1f 40 00 66 0f 1f
0x00007ffeaaf2bc8a:   84 00 00 00 00 00 43 8d 04 08 d1 f8 48 63 c8 48
0x00007ffeaaf2bc9a:   8b 54 cb 08 48 8b 4a 08 0f b7 51 22 48 8b 49 08
0x00007ffeaaf2bcaa:   4c 39 54 d1 48 73 06 44 8d 48 01 eb 06 74 0e 44
0x00007ffeaaf2bcba:   8d 40 ff 45 3b c8 7e ce b8 ff ff ff ff 5b c3 cc
0x00007ffeaaf2bcca:   cc cc cc cc cc cc 48 89 5c 24 18 55 56 57 48 81
0x00007ffeaaf2bcda:   ec e0 00 00 00 48 8b 05 9a 81 7a 00 48 33 c4 48
0x00007ffeaaf2bcea:   89 84 24 d0 00 00 00 33 ff 48 8b f2 48 8b e9 48
0x00007ffeaaf2bcfa:   85 c9 75 04 8b df eb 34 48 8b 8a 58 02 00 00 48
0x00007ffeaaf2bd0a:   8b 59 18 48 8b 41 20 48 2b c3 48 83 f8 08 72 0a
0x00007ffeaaf2bd1a:   48 8d 43 08 48 89 41 18 eb 0f 45 33 c0 41 8d 50
0x00007ffeaaf2bd2a:   08 e8 c0 70 cf ff 48 8b d8 48 89 2b 48 8b 0d f3
0x00007ffeaaf2bd3a:   ef 81 00 48 8d 44 24 58 48 89 84 24 a8 00 00 00
0x00007ffeaaf2bd4a:   48 8d 84 24 99 00 00 00 48 89 84 24 b0 00 00 00
0x00007ffeaaf2bd5a:   c7 44 24 38 0e 00 00 00 48 89 bc 24 c8 00 00 00
0x00007ffeaaf2bd6a:   c7 84 24 bc 00 00 00 08 00 00 00 40 88 bc 24 c0
0x00007ffeaaf2bd7a:   00 00 00 c6 84 24 99 00 00 00 02 48 89 5c 24 58
0x00007ffeaaf2bd8a:   c7 84 24 b8 00 00 00 01 00 00 00 e8 36 3d 44 00
0x00007ffeaaf2bd9a:   48 89 44 24 28 48 89 74 24 30 48 85 c0 74 16 48 


Stack slot to memory mapping:
stack at sp + 0 slots: 0x0 is NULL
stack at sp + 1 slots: 0x00007ffeaaf2cc52 jvm.dll
stack at sp + 2 slots: 0x0000015c1edde1f0 points into unknown readable memory: 0x0000001c342ff308 | 08 f3 2f 34 1c 00 00 00
stack at sp + 3 slots: 0x00007ffeaad612f8 jvm.dll
stack at sp + 4 slots: 0x0000000800321a10 is a pointer to class: 
java.util.logging.Level {0x0000000800321a18}
 - instance size:     4
 - klass size:        67
 - access:            public synchronized 
 - state:             fully_initialized
 - name:              'java/util/logging/Level'
 - super:             'java/lang/Object'
 - sub:               
 - arrays:            'java/util/logging/Level'[]
 - methods:           Array<T>(0x0000000800a557d8)
 - method ordering:   Array<T>(0x0000000800a56200)
 - default_methods:   Array<T>(0x0000000000000000)
 - local interfaces:  Array<T>(0x0000000800a54ba8)
 - trans. interfaces: Array<T>(0x0000000800a54ba8)
 - constants:         
[error occurred during error reporting (inspecting top of stack), id 0xc0000005, EXCEPTION_ACCESS_VIOLATION (0xc0000005) at pc=0x00007ffeaaf2b2be]

---------------  P R O C E S S  ---------------

Threads class SMR info:
_java_thread_list=0x0000015c1e471910, length=35, elements={
0x0000015c19998ca0, 0x0000015c1999b8b0, 0x0000015c1999fac0, 0x0000015c1999f570,
0x0000015c199a0010, 0x0000015c1999caf0, 0x0000015c199accc0, 0x0000015c1999d040,
0x0000015c1999d590, 0x0000015c1999dae0, 0x0000015c1999e030, 0x0000015c1999e580,
0x0000015c1ee8f040, 0x0000015c1ee8d060, 0x0000015c1ee90580, 0x0000015c1ee8db00,
0x0000015c1ee94540, 0x0000015c1ee93ff0, 0x0000015c1ee90ad0, 0x0000015c1ee92010,
0x0000015c1ee8eaf0, 0x0000015c1ee8e5a0, 0x0000015c1ee8f590, 0x0000015c1ee94a90,
0x0000015c1ee8e050, 0x0000015c1ee8d5b0, 0x0000015c1ee90030, 0x0000015c1ee93550,
0x0000015c1ee93aa0, 0x0000015c1ee8fae0, 0x0000015c1ee91020, 0x0000015c1ee91ac0,
0x0000015c20e88710, 0x0000015c20e8bc30, 0x0000015c20e8a1a0
}

Java Threads: ( => current thread )
  0x0000015c19998ca0 JavaThread "Reference Handler" daemon [_thread_blocked, id=3108, stack(0x0000001c33c00000,0x0000001c33d00000)]
  0x0000015c1999b8b0 JavaThread "Finalizer" daemon [_thread_blocked, id=20596, stack(0x0000001c33d00000,0x0000001c33e00000)]
  0x0000015c1999fac0 JavaThread "Signal Dispatcher" daemon [_thread_blocked, id=18684, stack(0x0000001c33e00000,0x0000001c33f00000)]
  0x0000015c1999f570 JavaThread "Attach Listener" daemon [_thread_blocked, id=18420, stack(0x0000001c33f00000,0x0000001c34000000)]
  0x0000015c199a0010 JavaThread "Service Thread" daemon [_thread_blocked, id=14740, stack(0x0000001c34000000,0x0000001c34100000)]
  0x0000015c1999caf0 JavaThread "Monitor Deflation Thread" daemon [_thread_blocked, id=4476, stack(0x0000001c34100000,0x0000001c34200000)]
=>0x0000015c199accc0 JavaThread "C1 CompilerThread0" daemon [_thread_in_vm, id=3208, stack(0x0000001c34200000,0x0000001c34300000)]
  0x0000015c1999d040 JavaThread "Common-Cleaner" daemon [_thread_blocked, id=9116, stack(0x0000001c34300000,0x0000001c34400000)]
  0x0000015c1999d590 JavaThread "Notification Thread" daemon [_thread_blocked, id=21028, stack(0x0000001c34700000,0x0000001c34800000)]
  0x0000015c1999dae0 JavaThread "RMI TCP Accept-0" daemon [_thread_in_native, id=9972, stack(0x0000001c34800000,0x0000001c34900000)]
  0x0000015c1999e030 JavaThread "RMI TCP Accept-56633" daemon [_thread_in_native, id=14536, stack(0x0000001c34900000,0x0000001c34a00000)]
  0x0000015c1999e580 JavaThread "RMI TCP Accept-0" daemon [_thread_in_native, id=7056, stack(0x0000001c34a00000,0x0000001c34b00000)]
  0x0000015c1ee8f040 JavaThread "RMI Scheduler(0)" daemon [_thread_blocked, id=19484, stack(0x0000001c35700000,0x0000001c35800000)]
  0x0000015c1ee8d060 JavaThread "RMI TCP Connection(88)-127.0.0.1" daemon [_thread_in_native, id=8992, stack(0x0000001c35800000,0x0000001c35900000)]
  0x0000015c1ee90580 JavaThread "JMX server connection timeout 39" daemon [_thread_blocked, id=15120, stack(0x0000001c35900000,0x0000001c35a00000)]
  0x0000015c1ee8db00 JavaThread "Catalina-utility-1" [_thread_blocked, id=22112, stack(0x0000001c35e00000,0x0000001c35f00000)]
  0x0000015c1ee94540 JavaThread "Catalina-utility-2" [_thread_blocked, id=21172, stack(0x0000001c35f00000,0x0000001c36000000)]
  0x0000015c1ee93ff0 JavaThread "container-0" [_thread_blocked, id=18256, stack(0x0000001c36000000,0x0000001c36100000)]
  0x0000015c1ee90ad0 JavaThread "mysql-cj-abandoned-connection-cleanup" daemon [_thread_blocked, id=3772, stack(0x0000001c36100000,0x0000001c36200000)]
  0x0000015c1ee92010 JavaThread "HikariPool-1 housekeeper" daemon [_thread_blocked, id=6868, stack(0x0000001c36300000,0x0000001c36400000)]
  0x0000015c1ee8eaf0 JavaThread "File Watcher" daemon [_thread_blocked, id=16832, stack(0x0000001c36500000,0x0000001c36600000)]
  0x0000015c1ee8e5a0 JavaThread "Live Reload Server" daemon [_thread_in_native, id=14012, stack(0x0000001c36700000,0x0000001c36800000)]
  0x0000015c1ee8f590 JavaThread "http-nio-8082-exec-1" daemon [_thread_blocked, id=17984, stack(0x0000001c36600000,0x0000001c36700000)]
  0x0000015c1ee94a90 JavaThread "http-nio-8082-exec-2" daemon [_thread_blocked, id=9296, stack(0x0000001c36800000,0x0000001c36900000)]
  0x0000015c1ee8e050 JavaThread "http-nio-8082-exec-3" daemon [_thread_blocked, id=20632, stack(0x0000001c36900000,0x0000001c36a00000)]
  0x0000015c1ee8d5b0 JavaThread "http-nio-8082-exec-4" daemon [_thread_blocked, id=3008, stack(0x0000001c36a00000,0x0000001c36b00000)]
  0x0000015c1ee90030 JavaThread "http-nio-8082-exec-5" daemon [_thread_blocked, id=1580, stack(0x0000001c36b00000,0x0000001c36c00000)]
  0x0000015c1ee93550 JavaThread "http-nio-8082-exec-6" daemon [_thread_blocked, id=17608, stack(0x0000001c36c00000,0x0000001c36d00000)]
  0x0000015c1ee93aa0 JavaThread "http-nio-8082-exec-7" daemon [_thread_blocked, id=9232, stack(0x0000001c36d00000,0x0000001c36e00000)]
  0x0000015c1ee8fae0 JavaThread "http-nio-8082-exec-8" daemon [_thread_blocked, id=8772, stack(0x0000001c36e00000,0x0000001c36f00000)]
  0x0000015c1ee91020 JavaThread "http-nio-8082-exec-9" daemon [_thread_blocked, id=21672, stack(0x0000001c36f00000,0x0000001c37000000)]
  0x0000015c1ee91ac0 JavaThread "http-nio-8082-exec-10" daemon [_thread_blocked, id=9452, stack(0x0000001c37000000,0x0000001c37100000)]
  0x0000015c20e88710 JavaThread "http-nio-8082-Poller" daemon [_thread_in_native, id=14560, stack(0x0000001c37100000,0x0000001c37200000)]
  0x0000015c20e8bc30 JavaThread "http-nio-8082-Acceptor" daemon [_thread_in_native, id=1164, stack(0x0000001c37200000,0x0000001c37300000)]
  0x0000015c20e8a1a0 JavaThread "DestroyJavaVM" [_thread_blocked, id=19548, stack(0x0000001c33500000,0x0000001c33600000)]

Other Threads:
  0x0000015c1997d890 VMThread "VM Thread" [stack: 0x0000001c33b00000,0x0000001c33c00000] [id=12728]
  0x0000015c069fd900 WatcherThread "VM Periodic Task Thread" [stack: 0x0000001c34b00000,0x0000001c34c00000] [id=19076]
  0x0000015c06a6cc60 WorkerThread "GC Thread#0" [stack: 0x0000001c33600000,0x0000001c33700000] [id=17676]
  0x0000015c1ebf6be0 WorkerThread "GC Thread#1" [stack: 0x0000001c34c00000,0x0000001c34d00000] [id=2040]
  0x0000015c1eda4e10 WorkerThread "GC Thread#2" [stack: 0x0000001c34d00000,0x0000001c34e00000] [id=21660]
  0x0000015c1eda50e0 WorkerThread "GC Thread#3" [stack: 0x0000001c34e00000,0x0000001c34f00000] [id=16516]
  0x0000015c1eda57c0 WorkerThread "GC Thread#4" [stack: 0x0000001c34f00000,0x0000001c35000000] [id=7140]
  0x0000015c1edb7050 WorkerThread "GC Thread#5" [stack: 0x0000001c35000000,0x0000001c35100000] [id=1224]
  0x0000015c1edb8130 WorkerThread "GC Thread#6" [stack: 0x0000001c35100000,0x0000001c35200000] [id=21924]
  0x0000015c1edb89a0 WorkerThread "GC Thread#7" [stack: 0x0000001c35200000,0x0000001c35300000] [id=22480]
  0x0000015c1edb8c70 WorkerThread "GC Thread#8" [stack: 0x0000001c35300000,0x0000001c35400000] [id=21212]
  0x0000015c1edb78c0 WorkerThread "GC Thread#9" [stack: 0x0000001c35c00000,0x0000001c35d00000] [id=18036]
  0x0000015c06a7de00 ConcurrentGCThread "G1 Main Marker" [stack: 0x0000001c33700000,0x0000001c33800000] [id=17104]
  0x0000015c06a7e730 WorkerThread "G1 Conc#0" [stack: 0x0000001c33800000,0x0000001c33900000] [id=10472]
  0x0000015c1edb75f0 WorkerThread "G1 Conc#1" [stack: 0x0000001c35b00000,0x0000001c35c00000] [id=4568]
  0x0000015c1edb7e60 WorkerThread "G1 Conc#2" [stack: 0x0000001c35d00000,0x0000001c35e00000] [id=20772]
  0x0000015c1983d190 ConcurrentGCThread "G1 Refine#0" [stack: 0x0000001c33900000,0x0000001c33a00000] [id=944]
  0x0000015c1983db30 ConcurrentGCThread "G1 Service" [stack: 0x0000001c33a00000,0x0000001c33b00000] [id=19864]

Threads with active compile tasks:
C1 CompilerThread0  5101627 8455       1       java.io.ObjectInputFilter$Config::traceFilter (14 bytes)

VM state: not at safepoint (normal execution)

VM Mutex/Monitor currently owned by a thread: None

Heap address: 0x0000000705a00000, size: 4006 MB, Compressed Oops mode: Zero based, Oop shift amount: 3

CDS archive(s) mapped at: [0x0000000800000000-0x0000000800c60000-0x0000000800c60000), size 12976128, SharedBaseAddress: 0x0000000800000000, ArchiveRelocationMode: 0.
Compressed class space mapped at: 0x0000000801000000-0x0000000841000000, reserved size: 1073741824
Narrow klass base: 0x0000000800000000, Narrow klass shift: 0, Narrow klass range: 0x100000000

GC Precious Log:
 CardTable entry size: 512
 Card Set container configuration: InlinePtr #cards 4 size 8 Array Of Cards #cards 16 size 48 Howl #buckets 8 coarsen threshold 3686 Howl Bitmap #cards 512 size 80 coarsen threshold 460 Card regions per heap region 1 cards per card region 4096
 CPUs: 12 total, 12 available
 Memory: 16016M
 Large Page Support: Disabled
 NUMA Support: Disabled
 Compressed Oops: Enabled (Zero based)
 Heap Region Size: 2M
 Heap Min Capacity: 8M
 Heap Initial Capacity: 252M
 Heap Max Capacity: 4006M
 Pre-touch: Disabled
 Parallel Workers: 10
 Concurrent Workers: 3
 Concurrent Refinement Workers: 10
 Periodic GC: Disabled

Heap:
 garbage-first heap   total 94208K, used 78787K [0x0000000705a00000, 0x0000000800000000)
  region size 2048K, 25 young (51200K), 1 survivors (2048K)
 Metaspace       used 66882K, committed 68032K, reserved 1114112K
  class space    used 9281K, committed 9728K, reserved 1048576K

Heap Regions: E=young(eden), S=young(survivor), O=old, HS=humongous(starts), HC=humongous(continues), CS=collection set, F=free, OA=open archive, CA=closed archive, TAMS=top-at-mark-start, PB=parsable bottom
|   0|0x0000000705a00000, 0x0000000705c00000, 0x0000000705c00000|100%| O|  |TAMS 0x0000000705a00000| PB 0x0000000705a00000| Untracked 
|   1|0x0000000705c00000, 0x0000000705e00000, 0x0000000705e00000|100%| O|  |TAMS 0x0000000705c00000| PB 0x0000000705c00000| Untracked 
|   2|0x0000000705e00000, 0x0000000706000000, 0x0000000706000000|100%| O|  |TAMS 0x0000000705e00000| PB 0x0000000705e00000| Untracked 
|   3|0x0000000706000000, 0x0000000706200000, 0x0000000706200000|100%| O|  |TAMS 0x0000000706000000| PB 0x0000000706000000| Untracked 
|   4|0x0000000706200000, 0x0000000706400000, 0x0000000706400000|100%| O|  |TAMS 0x0000000706200000| PB 0x0000000706200000| Untracked 
|   5|0x0000000706400000, 0x0000000706600000, 0x0000000706600000|100%| O|  |TAMS 0x0000000706400000| PB 0x0000000706400000| Untracked 
|   6|0x0000000706600000, 0x0000000706800000, 0x0000000706800000|100%| O|  |TAMS 0x0000000706600000| PB 0x0000000706600000| Untracked 
|   7|0x0000000706800000, 0x0000000706800000, 0x0000000706a00000|  0%| F|  |TAMS 0x0000000706800000| PB 0x0000000706800000| Untracked 
|   8|0x0000000706a00000, 0x0000000706c00000, 0x0000000706c00000|100%| O|  |TAMS 0x0000000706a00000| PB 0x0000000706a00000| Untracked 
|   9|0x0000000706c00000, 0x0000000706e00000, 0x0000000706e00000|100%| O|  |TAMS 0x0000000706c00000| PB 0x0000000706c00000| Untracked 
|  10|0x0000000706e00000, 0x0000000707000000, 0x0000000707000000|100%| O|  |TAMS 0x0000000706e00000| PB 0x0000000706e00000| Untracked 
|  11|0x0000000707000000, 0x0000000707200000, 0x0000000707200000|100%| O|  |TAMS 0x0000000707000000| PB 0x0000000707000000| Untracked 
|  12|0x0000000707200000, 0x0000000707400000, 0x0000000707400000|100%| O|  |TAMS 0x0000000707200000| PB 0x0000000707200000| Complete 
|  13|0x0000000707400000, 0x0000000707540000, 0x0000000707600000| 62%| O|  |TAMS 0x0000000707400000| PB 0x0000000707400000| Untracked 
|  14|0x0000000707600000, 0x0000000707800000, 0x0000000707800000|100%| O|  |TAMS 0x0000000707600000| PB 0x0000000707600000| Untracked 
|  15|0x0000000707800000, 0x0000000707a00000, 0x0000000707a00000|100%| O|  |TAMS 0x0000000707800000| PB 0x0000000707800000| Untracked 
|  16|0x0000000707a00000, 0x0000000707a00000, 0x0000000707c00000|  0%| F|  |TAMS 0x0000000707a00000| PB 0x0000000707a00000| Untracked 
|  17|0x0000000707c00000, 0x0000000707c00000, 0x0000000707e00000|  0%| F|  |TAMS 0x0000000707c00000| PB 0x0000000707c00000| Untracked 
|  18|0x0000000707e00000, 0x0000000707e00000, 0x0000000708000000|  0%| F|  |TAMS 0x0000000707e00000| PB 0x0000000707e00000| Untracked 
|  19|0x0000000708000000, 0x00000007081b0cb0, 0x0000000708200000| 84%| S|CS|TAMS 0x0000000708000000| PB 0x0000000708000000| Complete 
|  20|0x0000000708200000, 0x0000000708200000, 0x0000000708400000|  0%| F|  |TAMS 0x0000000708200000| PB 0x0000000708200000| Untracked 
|  21|0x0000000708400000, 0x0000000708400000, 0x0000000708600000|  0%| F|  |TAMS 0x0000000708400000| PB 0x0000000708400000| Untracked 
|  22|0x0000000708600000, 0x0000000708608338, 0x0000000708800000|  1%| E|  |TAMS 0x0000000708600000| PB 0x0000000708600000| Complete 
|  23|0x0000000708800000, 0x0000000708a00000, 0x0000000708a00000|100%| E|CS|TAMS 0x0000000708800000| PB 0x0000000708800000| Complete 
|  24|0x0000000708a00000, 0x0000000708c00000, 0x0000000708c00000|100%| E|CS|TAMS 0x0000000708a00000| PB 0x0000000708a00000| Complete 
|  25|0x0000000708c00000, 0x0000000708e00000, 0x0000000708e00000|100%| E|CS|TAMS 0x0000000708c00000| PB 0x0000000708c00000| Complete 
|  26|0x0000000708e00000, 0x0000000709000000, 0x0000000709000000|100%| E|CS|TAMS 0x0000000708e00000| PB 0x0000000708e00000| Complete 
|  27|0x0000000709000000, 0x0000000709200000, 0x0000000709200000|100%| E|CS|TAMS 0x0000000709000000| PB 0x0000000709000000| Complete 
|  28|0x0000000709200000, 0x0000000709400000, 0x0000000709400000|100%| E|CS|TAMS 0x0000000709200000| PB 0x0000000709200000| Complete 
|  29|0x0000000709400000, 0x0000000709600000, 0x0000000709600000|100%| E|CS|TAMS 0x0000000709400000| PB 0x0000000709400000| Complete 
|  30|0x0000000709600000, 0x0000000709800000, 0x0000000709800000|100%| E|CS|TAMS 0x0000000709600000| PB 0x0000000709600000| Complete 
|  31|0x0000000709800000, 0x0000000709a00000, 0x0000000709a00000|100%| E|CS|TAMS 0x0000000709800000| PB 0x0000000709800000| Complete 
|  32|0x0000000709a00000, 0x0000000709c00000, 0x0000000709c00000|100%| E|CS|TAMS 0x0000000709a00000| PB 0x0000000709a00000| Complete 
|  33|0x0000000709c00000, 0x0000000709e00000, 0x0000000709e00000|100%| E|CS|TAMS 0x0000000709c00000| PB 0x0000000709c00000| Complete 
|  34|0x0000000709e00000, 0x000000070a000000, 0x000000070a000000|100%| E|CS|TAMS 0x0000000709e00000| PB 0x0000000709e00000| Complete 
|  35|0x000000070a000000, 0x000000070a200000, 0x000000070a200000|100%| E|CS|TAMS 0x000000070a000000| PB 0x000000070a000000| Complete 
|  36|0x000000070a200000, 0x000000070a400000, 0x000000070a400000|100%| E|CS|TAMS 0x000000070a200000| PB 0x000000070a200000| Complete 
|  37|0x000000070a400000, 0x000000070a600000, 0x000000070a600000|100%| E|CS|TAMS 0x000000070a400000| PB 0x000000070a400000| Complete 
|  38|0x000000070a600000, 0x000000070a800000, 0x000000070a800000|100%| E|CS|TAMS 0x000000070a600000| PB 0x000000070a600000| Complete 
|  39|0x000000070a800000, 0x000000070aa00000, 0x000000070aa00000|100%| E|CS|TAMS 0x000000070a800000| PB 0x000000070a800000| Complete 
|  40|0x000000070aa00000, 0x000000070ac00000, 0x000000070ac00000|100%| E|CS|TAMS 0x000000070aa00000| PB 0x000000070aa00000| Complete 
|  41|0x000000070ac00000, 0x000000070ae00000, 0x000000070ae00000|100%| E|CS|TAMS 0x000000070ac00000| PB 0x000000070ac00000| Complete 
|  42|0x000000070ae00000, 0x000000070b000000, 0x000000070b000000|100%| E|CS|TAMS 0x000000070ae00000| PB 0x000000070ae00000| Complete 
|  66|0x000000070de00000, 0x000000070e000000, 0x000000070e000000|100%| E|CS|TAMS 0x000000070de00000| PB 0x000000070de00000| Complete 
|  67|0x000000070e000000, 0x000000070e200000, 0x000000070e200000|100%| E|CS|TAMS 0x000000070e000000| PB 0x000000070e000000| Complete 
| 125|0x0000000715400000, 0x0000000715600000, 0x0000000715600000|100%| E|CS|TAMS 0x0000000715400000| PB 0x0000000715400000| Complete 

Card table byte_map: [0x0000015c12590000,0x0000015c12d70000] _byte_map_base: 0x0000015c0ed63000

Marking Bits: (CMBitMap*) 0x0000015c06a6d190
 Bits: [0x0000015c13550000, 0x0000015c173e8000)

Polling page: 0x0000015c06190000

Metaspace:

Usage:
  Non-class:     56.25 MB used.
      Class:      9.06 MB used.
       Both:     65.31 MB used.

Virtual space:
  Non-class space:       64.00 MB reserved,      56.94 MB ( 89%) committed,  1 nodes.
      Class space:        1.00 GB reserved,       9.50 MB ( <1%) committed,  1 nodes.
             Both:        1.06 GB reserved,      66.44 MB (  6%) committed. 

Chunk freelists:
   Non-Class:  3.07 MB
       Class:  2.69 MB
        Both:  5.76 MB

MaxMetaspaceSize: unlimited
CompressedClassSpaceSize: 1.00 GB
Initial GC threshold: 21.00 MB
Current GC threshold: 110.75 MB
CDS: on
MetaspaceReclaimPolicy: balanced
 - commit_granule_bytes: 65536.
 - commit_granule_words: 8192.
 - virtual_space_node_default_size: 8388608.
 - enlarge_chunks_in_place: 1.
 - new_chunks_are_fully_committed: 0.
 - uncommit_free_chunks: 1.
 - use_allocation_guard: 0.


Internal statistics:

num_allocs_failed_limit: 6.
num_arena_births: 1064.
num_arena_deaths: 368.
num_vsnodes_births: 2.
num_vsnodes_deaths: 0.
num_space_committed: 1063.
num_space_uncommitted: 0.
num_chunks_returned_to_freelist: 429.
num_chunks_taken_from_freelist: 3401.
num_chunk_merges: 118.
num_chunk_splits: 2431.
num_chunks_enlarged: 1873.
num_inconsistent_stats: 0.

CodeCache: size=49152Kb used=5664Kb max_used=15063Kb free=43487Kb
 bounds [0x0000015c0ea80000, 0x0000015c0f940000, 0x0000015c11a80000]
 total_blobs=3175 nmethods=2436 adapters=661
 compilation: enabled
              stopped_count=0, restarted_count=0
 full_count=0

Compilation events (20 events):
Event: 4683.314 Thread 0x0000015c199accc0 nmethod 8447 0x0000015c0f76d690 code [0x0000015c0f76d840, 0x0000015c0f76db08]
Event: 4757.269 Thread 0x0000015c199accc0 8448       1       java.util.concurrent.FutureTask::isDone (13 bytes)
Event: 4757.269 Thread 0x0000015c199accc0 nmethod 8448 0x0000015c0efdd590 code [0x0000015c0efdd700, 0x0000015c0efdd7e0]
Event: 4801.588 Thread 0x0000015c199accc0 8449   !   1       java.io.ObjectInputStream$BlockDataInputStream::refill (136 bytes)
Event: 4801.589 Thread 0x0000015c199accc0 nmethod 8449 0x0000015c0ebd1610 code [0x0000015c0ebd17c0, 0x0000015c0ebd1a30]
Event: 4801.589 Thread 0x0000015c199accc0 8450   !   1       java.io.ObjectInputStream$BlockDataInputStream::readBlockHeader (249 bytes)
Event: 4801.592 Thread 0x0000015c199accc0 nmethod 8450 0x0000015c0eee4c90 code [0x0000015c0eee4fc0, 0x0000015c0eee5c68]
Event: 4801.592 Thread 0x0000015c199accc0 8451       1       java.io.ObjectInputStream::readNull (27 bytes)
Event: 4801.592 Thread 0x0000015c199accc0 nmethod 8451 0x0000015c0ebaac10 code [0x0000015c0ebaadc0, 0x0000015c0ebab010]
Event: 4863.362 Thread 0x0000015c199accc0 8452       1       java.net.InetAddress::<init> (21 bytes)
Event: 4863.362 Thread 0x0000015c199accc0 nmethod 8452 0x0000015c0ec22410 code [0x0000015c0ec225a0, 0x0000015c0ec22750]
Event: 4863.362 Thread 0x0000015c199accc0 8453       1       java.net.InetAddress$InetAddressHolder::<init> (5 bytes)
Event: 4863.362 Thread 0x0000015c199accc0 nmethod 8453 0x0000015c0ebae510 code [0x0000015c0ebae680, 0x0000015c0ebae748]
Event: 5101.549 Thread 0x0000015c199accc0 8454       1       java.util.concurrent.SynchronousQueue$TransferStack::casHead (26 bytes)
Event: 5101.551 Thread 0x0000015c199accc0 nmethod 8454 0x0000015c0eed5610 code [0x0000015c0eed57e0, 0x0000015c0eed5c80]
Event: 5101.551 Thread 0x0000015c199accc0 8458       1       java.io.ObjectInputStream::readUTF (8 bytes)
Event: 5101.551 Thread 0x0000015c199accc0 nmethod 8458 0x0000015c0ebab590 code [0x0000015c0ebab720, 0x0000015c0ebab838]
Event: 5101.551 Thread 0x0000015c199accc0 8459       1       java.io.ObjectInputStream::readByte (8 bytes)
Event: 5101.551 Thread 0x0000015c199accc0 nmethod 8459 0x0000015c0ec2e190 code [0x0000015c0ec2e320, 0x0000015c0ec2e4b0]
Event: 5101.551 Thread 0x0000015c199accc0 8455       1       java.io.ObjectInputFilter$Config::traceFilter (14 bytes)

GC Heap History (20 events):
Event: 1730.940 GC heap before
{Heap before GC invocations=25 (full 0):
 garbage-first heap   total 94208K, used 82946K [0x0000000705a00000, 0x0000000800000000)
  region size 2048K, 27 young (55296K), 2 survivors (4096K)
 Metaspace       used 66872K, committed 68032K, reserved 1114112K
  class space    used 9278K, committed 9728K, reserved 1048576K
}
Event: 1730.959 GC heap after
{Heap after GC invocations=26 (full 0):
 garbage-first heap   total 94208K, used 31960K [0x0000000705a00000, 0x0000000800000000)
  region size 2048K, 2 young (4096K), 2 survivors (4096K)
 Metaspace       used 66872K, committed 68032K, reserved 1114112K
  class space    used 9278K, committed 9728K, reserved 1048576K
}
Event: 2038.713 GC heap before
{Heap before GC invocations=27 (full 0):
 garbage-first heap   total 94208K, used 83160K [0x0000000705a00000, 0x0000000800000000)
  region size 2048K, 27 young (55296K), 2 survivors (4096K)
 Metaspace       used 66893K, committed 68032K, reserved 1114112K
  class space    used 9284K, committed 9728K, reserved 1048576K
}
Event: 2038.751 GC heap after
{Heap after GC invocations=28 (full 0):
 garbage-first heap   total 94208K, used 32358K [0x0000000705a00000, 0x0000000800000000)
  region size 2048K, 2 young (4096K), 2 survivors (4096K)
 Metaspace       used 66893K, committed 68032K, reserved 1114112K
  class space    used 9284K, committed 9728K, reserved 1048576K
}
Event: 2378.709 GC heap before
{Heap before GC invocations=28 (full 0):
 garbage-first heap   total 94208K, used 83558K [0x0000000705a00000, 0x0000000800000000)
  region size 2048K, 27 young (55296K), 2 survivors (4096K)
 Metaspace       used 66893K, committed 68032K, reserved 1114112K
  class space    used 9284K, committed 9728K, reserved 1048576K
}
Event: 2378.730 GC heap after
{Heap after GC invocations=29 (full 0):
 garbage-first heap   total 94208K, used 32493K [0x0000000705a00000, 0x0000000800000000)
  region size 2048K, 3 young (6144K), 3 survivors (6144K)
 Metaspace       used 66893K, committed 68032K, reserved 1114112K
  class space    used 9284K, committed 9728K, reserved 1048576K
}
Event: 2695.115 GC heap before
{Heap before GC invocations=29 (full 0):
 garbage-first heap   total 94208K, used 79597K [0x0000000705a00000, 0x0000000800000000)
  region size 2048K, 26 young (53248K), 3 survivors (6144K)
 Metaspace       used 66893K, committed 68032K, reserved 1114112K
  class space    used 9284K, committed 9728K, reserved 1048576K
}
Event: 2695.127 GC heap after
{Heap after GC invocations=30 (full 0):
 garbage-first heap   total 94208K, used 32212K [0x0000000705a00000, 0x0000000800000000)
  region size 2048K, 2 young (4096K), 2 survivors (4096K)
 Metaspace       used 66893K, committed 68032K, reserved 1114112K
  class space    used 9284K, committed 9728K, reserved 1048576K
}
Event: 3033.860 GC heap before
{Heap before GC invocations=31 (full 0):
 garbage-first heap   total 94208K, used 83412K [0x0000000705a00000, 0x0000000800000000)
  region size 2048K, 27 young (55296K), 2 survivors (4096K)
 Metaspace       used 66893K, committed 68032K, reserved 1114112K
  class space    used 9284K, committed 9728K, reserved 1048576K
}
Event: 3033.870 GC heap after
{Heap after GC invocations=32 (full 0):
 garbage-first heap   total 94208K, used 32597K [0x0000000705a00000, 0x0000000800000000)
  region size 2048K, 3 young (6144K), 3 survivors (6144K)
 Metaspace       used 66893K, committed 68032K, reserved 1114112K
  class space    used 9284K, committed 9728K, reserved 1048576K
}
Event: 3349.589 GC heap before
{Heap before GC invocations=32 (full 0):
 garbage-first heap   total 94208K, used 79701K [0x0000000705a00000, 0x0000000800000000)
  region size 2048K, 26 young (53248K), 3 survivors (6144K)
 Metaspace       used 66893K, committed 68032K, reserved 1114112K
  class space    used 9284K, committed 9728K, reserved 1048576K
}
Event: 3349.605 GC heap after
{Heap after GC invocations=33 (full 0):
 garbage-first heap   total 94208K, used 31944K [0x0000000705a00000, 0x0000000800000000)
  region size 2048K, 3 young (6144K), 3 survivors (6144K)
 Metaspace       used 66893K, committed 68032K, reserved 1114112K
  class space    used 9284K, committed 9728K, reserved 1048576K
}
Event: 3638.227 GC heap before
{Heap before GC invocations=33 (full 0):
 garbage-first heap   total 94208K, used 79048K [0x0000000705a00000, 0x0000000800000000)
  region size 2048K, 26 young (53248K), 3 survivors (6144K)
 Metaspace       used 66897K, committed 68032K, reserved 1114112K
  class space    used 9285K, committed 9728K, reserved 1048576K
}
Event: 3638.242 GC heap after
{Heap after GC invocations=34 (full 0):
 garbage-first heap   total 94208K, used 32324K [0x0000000705a00000, 0x0000000800000000)
  region size 2048K, 3 young (6144K), 3 survivors (6144K)
 Metaspace       used 66897K, committed 68032K, reserved 1114112K
  class space    used 9285K, committed 9728K, reserved 1048576K
}
Event: 3959.012 GC heap before
{Heap before GC invocations=35 (full 0):
 garbage-first heap   total 94208K, used 79428K [0x0000000705a00000, 0x0000000800000000)
  region size 2048K, 26 young (53248K), 3 survivors (6144K)
 Metaspace       used 66897K, committed 68032K, reserved 1114112K
  class space    used 9285K, committed 9728K, reserved 1048576K
}
Event: 3959.023 GC heap after
{Heap after GC invocations=36 (full 0):
 garbage-first heap   total 94208K, used 32236K [0x0000000705a00000, 0x0000000800000000)
  region size 2048K, 1 young (2048K), 1 survivors (2048K)
 Metaspace       used 66897K, committed 68032K, reserved 1114112K
  class space    used 9285K, committed 9728K, reserved 1048576K
}
Event: 4326.779 GC heap before
{Heap before GC invocations=36 (full 0):
 garbage-first heap   total 94208K, used 85484K [0x0000000705a00000, 0x0000000800000000)
  region size 2048K, 27 young (55296K), 1 survivors (2048K)
 Metaspace       used 66897K, committed 68032K, reserved 1114112K
  class space    used 9285K, committed 9728K, reserved 1048576K
}
Event: 4326.804 GC heap after
{Heap after GC invocations=37 (full 0):
 garbage-first heap   total 94208K, used 31695K [0x0000000705a00000, 0x0000000800000000)
  region size 2048K, 1 young (2048K), 1 survivors (2048K)
 Metaspace       used 66897K, committed 68032K, reserved 1114112K
  class space    used 9285K, committed 9728K, reserved 1048576K
}
Event: 4765.301 GC heap before
{Heap before GC invocations=37 (full 0):
 garbage-first heap   total 94208K, used 84943K [0x0000000705a00000, 0x0000000800000000)
  region size 2048K, 27 young (55296K), 1 survivors (2048K)
 Metaspace       used 66897K, committed 68032K, reserved 1114112K
  class space    used 9285K, committed 9728K, reserved 1048576K
}
Event: 4765.311 GC heap after
{Heap after GC invocations=38 (full 0):
 garbage-first heap   total 94208K, used 31683K [0x0000000705a00000, 0x0000000800000000)
  region size 2048K, 1 young (2048K), 1 survivors (2048K)
 Metaspace       used 66897K, committed 68032K, reserved 1114112K
  class space    used 9285K, committed 9728K, reserved 1048576K
}

Dll operation events (11 events):
Event: 0.075 Loaded shared library C:\Program Files\Java\jdk-20\bin\java.dll
Event: 0.087 Loaded shared library C:\Program Files\Java\jdk-20\bin\jsvml.dll
Event: 0.216 Loaded shared library C:\Program Files\Java\jdk-20\bin\jimage.dll
Event: 0.229 Loaded shared library C:\Program Files\Java\jdk-20\bin\net.dll
Event: 0.232 Loaded shared library C:\Program Files\Java\jdk-20\bin\nio.dll
Event: 0.236 Loaded shared library C:\Program Files\Java\jdk-20\bin\zip.dll
Event: 0.357 Loaded shared library C:\Program Files\Java\jdk-20\bin\management.dll
Event: 0.370 Loaded shared library C:\Program Files\Java\jdk-20\bin\management_ext.dll
Event: 0.651 Loaded shared library C:\Program Files\Java\jdk-20\bin\extnet.dll
Event: 3.562 Loaded shared library C:\Program Files\Java\jdk-20\bin\sunmscapi.dll
Event: 4.175 Loaded shared library C:\Program Files\Java\jdk-20\bin\verify.dll

Deoptimization events (14 events):
Event: 0.494 Thread 0x0000015c069fa8c0 DEOPT PACKING pc=0x0000015c0ee5245d sp=0x0000001c335fd0c0
Event: 0.494 Thread 0x0000015c069fa8c0 DEOPT UNPACKING pc=0x0000015c0eaea4c2 sp=0x0000001c335fc570 mode 3
Event: 0.509 Thread 0x0000015c069fa8c0 DEOPT PACKING pc=0x0000015c0ee6aae0 sp=0x0000001c335fd090
Event: 0.509 Thread 0x0000015c069fa8c0 DEOPT UNPACKING pc=0x0000015c0eaea4c2 sp=0x0000001c335fc548 mode 3
Event: 1.511 Thread 0x0000015c1999f020 DEOPT PACKING pc=0x0000015c0f0956e1 sp=0x0000001c355fd4c0
Event: 1.511 Thread 0x0000015c1999f020 DEOPT UNPACKING pc=0x0000015c0eaea4c2 sp=0x0000001c355fc9a0 mode 3
Event: 3.703 Thread 0x0000015c1999f020 DEOPT PACKING pc=0x0000015c0f3b2c75 sp=0x0000001c355fc6e0
Event: 3.703 Thread 0x0000015c1999f020 DEOPT UNPACKING pc=0x0000015c0eaea4c2 sp=0x0000001c355fbc48 mode 3
Event: 6.426 Thread 0x0000015c1999f020 DEOPT PACKING pc=0x0000015c0f0d9f44 sp=0x0000001c355fc710
Event: 6.426 Thread 0x0000015c1999f020 DEOPT UNPACKING pc=0x0000015c0eaea4c2 sp=0x0000001c355fbc68 mode 0
Event: 6.949 Thread 0x0000015c1999f020 DEOPT PACKING pc=0x0000015c0f0d48f1 sp=0x0000001c355fd480
Event: 6.949 Thread 0x0000015c1999f020 DEOPT UNPACKING pc=0x0000015c0eaea4c2 sp=0x0000001c355fc988 mode 3
Event: 6.949 Thread 0x0000015c1999f020 DEOPT PACKING pc=0x0000015c0f0c3e1a sp=0x0000001c355fd440
Event: 6.949 Thread 0x0000015c1999f020 DEOPT UNPACKING pc=0x0000015c0eaea4c2 sp=0x0000001c355fc988 mode 3

Classes loaded (20 events):
Event: 110.352 Loading class java/util/OptionalDouble
Event: 110.353 Loading class java/util/OptionalDouble done
Event: 110.431 Loading class java/util/AbstractMap$SimpleEntry
Event: 110.431 Loading class java/util/AbstractMap$SimpleEntry done
Event: 110.459 Loading class java/util/stream/LongStream
Event: 110.460 Loading class java/util/stream/LongStream done
Event: 110.460 Loading class java/util/stream/DoubleStream
Event: 110.460 Loading class java/util/stream/DoubleStream done
Event: 123.483 Loading class org/w3c/dom/Node
Event: 123.483 Loading class org/w3c/dom/Node done
Event: 123.483 Loading class org/w3c/dom/Document
Event: 123.483 Loading class org/w3c/dom/Document done
Event: 1760.649 Loading class sun/security/ssl/Alert
Event: 1760.650 Loading class sun/security/ssl/Alert done
Event: 1760.651 Loading class sun/security/ssl/Alert$AlertConsumer
Event: 1760.652 Loading class sun/security/ssl/Alert$AlertConsumer done
Event: 1760.652 Loading class sun/security/ssl/Alert$Level
Event: 1760.652 Loading class sun/security/ssl/Alert$Level done
Event: 1760.653 Loading class sun/net/ConnectionResetException
Event: 1760.654 Loading class sun/net/ConnectionResetException done

Classes unloaded (20 events):
Event: 740.179 Thread 0x0000015c1997d890 Unloading class 0x0000000801007800 'java/lang/invoke/LambdaForm$MH+0x0000000801007800'
Event: 740.179 Thread 0x0000015c1997d890 Unloading class 0x0000000801007400 'java/lang/invoke/LambdaForm$MH+0x0000000801007400'
Event: 740.179 Thread 0x0000015c1997d890 Unloading class 0x0000000801007000 'java/lang/invoke/LambdaForm$MH+0x0000000801007000'
Event: 740.179 Thread 0x0000015c1997d890 Unloading class 0x0000000801006800 'java/lang/invoke/LambdaForm$MH+0x0000000801006800'
Event: 740.179 Thread 0x0000015c1997d890 Unloading class 0x0000000801005c00 'java/lang/invoke/LambdaForm$MH+0x0000000801005c00'
Event: 740.179 Thread 0x0000015c1997d890 Unloading class 0x0000000801004800 'java/lang/invoke/LambdaForm$MH+0x0000000801004800'
Event: 740.179 Thread 0x0000015c1997d890 Unloading class 0x0000000801004400 'java/lang/invoke/LambdaForm$MH+0x0000000801004400'
Event: 740.179 Thread 0x0000015c1997d890 Unloading class 0x0000000801003c00 'java/lang/invoke/LambdaForm$MH+0x0000000801003c00'
Event: 740.179 Thread 0x0000015c1997d890 Unloading class 0x0000000801003000 'java/lang/invoke/LambdaForm$MH+0x0000000801003000'
Event: 740.179 Thread 0x0000015c1997d890 Unloading class 0x0000000801002800 'java/lang/invoke/LambdaForm$MH+0x0000000801002800'
Event: 740.179 Thread 0x0000015c1997d890 Unloading class 0x0000000801002000 'java/lang/invoke/LambdaForm$MH+0x0000000801002000'
Event: 740.179 Thread 0x0000015c1997d890 Unloading class 0x0000000801001800 'java/lang/invoke/LambdaForm$MH+0x0000000801001800'
Event: 4765.392 Thread 0x0000015c1997d890 Unloading class 0x0000000801894000 'java/lang/invoke/LambdaForm$MH+0x0000000801894000'
Event: 4765.395 Thread 0x0000015c1997d890 Unloading class 0x0000000801889000 'java/lang/invoke/LambdaForm$MH+0x0000000801889000'
Event: 4765.396 Thread 0x0000015c1997d890 Unloading class 0x0000000801888c00 'java/lang/invoke/LambdaForm$MH+0x0000000801888c00'
Event: 4765.399 Thread 0x0000015c1997d890 Unloading class 0x0000000801888000 'java/lang/invoke/LambdaForm$MH+0x0000000801888000'
Event: 4765.399 Thread 0x0000015c1997d890 Unloading class 0x0000000801885c00 'java/lang/invoke/LambdaForm$MH+0x0000000801885c00'
Event: 4765.400 Thread 0x0000015c1997d890 Unloading class 0x0000000801885800 'java/lang/invoke/LambdaForm$MH+0x0000000801885800'
Event: 4765.400 Thread 0x0000015c1997d890 Unloading class 0x0000000801884800 'java/lang/invoke/LambdaForm$MH+0x0000000801884800'
Event: 4765.400 Thread 0x0000015c1997d890 Unloading class 0x0000000801884400 'java/lang/invoke/LambdaForm$MH+0x0000000801884400'

Classes redefined (0 events):
No events

Internal exceptions (20 events):
Event: 1784.761 Thread 0x0000015c20e89700 Exception <a 'java/io/IOException'{0x000000070acf7b18}> (0x000000070acf7b18) 
thrown [s\open\src\hotspot\share\prims\jni.cpp, line 519]
Event: 3544.464 Thread 0x0000015c20e871d0 Exception <a 'java/io/IOException'{0x00000007098ee608}> (0x00000007098ee608) 
thrown [s\open\src\hotspot\share\prims\jni.cpp, line 519]
Event: 3544.465 Thread 0x0000015c20e871d0 Exception <a 'java/io/IOException'{0x00000007098eec58}> (0x00000007098eec58) 
thrown [s\open\src\hotspot\share\prims\jni.cpp, line 519]
Event: 3545.090 Thread 0x0000015c20e871d0 Exception <a 'java/io/IOException'{0x00000007098f04b8}> (0x00000007098f04b8) 
thrown [s\open\src\hotspot\share\prims\jni.cpp, line 519]
Event: 3545.091 Thread 0x0000015c20e871d0 Exception <a 'java/io/IOException'{0x00000007098f0b08}> (0x00000007098f0b08) 
thrown [s\open\src\hotspot\share\prims\jni.cpp, line 519]
Event: 3545.455 Thread 0x0000015c20e871d0 Exception <a 'java/io/IOException'{0x00000007098f2368}> (0x00000007098f2368) 
thrown [s\open\src\hotspot\share\prims\jni.cpp, line 519]
Event: 3545.455 Thread 0x0000015c20e871d0 Exception <a 'java/io/IOException'{0x00000007098f29b8}> (0x00000007098f29b8) 
thrown [s\open\src\hotspot\share\prims\jni.cpp, line 519]
Event: 3558.067 Thread 0x0000015c20e86730 Exception <a 'java/io/IOException'{0x0000000709402450}> (0x0000000709402450) 
thrown [s\open\src\hotspot\share\prims\jni.cpp, line 519]
Event: 3558.067 Thread 0x0000015c20e86730 Exception <a 'java/io/IOException'{0x0000000709402aa0}> (0x0000000709402aa0) 
thrown [s\open\src\hotspot\share\prims\jni.cpp, line 519]
Event: 3562.798 Thread 0x0000015c20e86730 Exception <a 'java/io/IOException'{0x0000000709404328}> (0x0000000709404328) 
thrown [s\open\src\hotspot\share\prims\jni.cpp, line 519]
Event: 3563.620 Thread 0x0000015c20e86730 Exception <a 'java/io/IOException'{0x0000000709405b88}> (0x0000000709405b88) 
thrown [s\open\src\hotspot\share\prims\jni.cpp, line 519]
Event: 3563.620 Thread 0x0000015c20e86730 Exception <a 'java/io/IOException'{0x00000007094061d8}> (0x00000007094061d8) 
thrown [s\open\src\hotspot\share\prims\jni.cpp, line 519]
Event: 3564.903 Thread 0x0000015c20e86730 Exception <a 'java/io/IOException'{0x0000000709407a38}> (0x0000000709407a38) 
thrown [s\open\src\hotspot\share\prims\jni.cpp, line 519]
Event: 3564.903 Thread 0x0000015c20e86730 Exception <a 'java/io/IOException'{0x0000000709408088}> (0x0000000709408088) 
thrown [s\open\src\hotspot\share\prims\jni.cpp, line 519]
Event: 3565.951 Thread 0x0000015c20e86730 Exception <a 'java/io/IOException'{0x00000007094098e8}> (0x00000007094098e8) 
thrown [s\open\src\hotspot\share\prims\jni.cpp, line 519]
Event: 3565.951 Thread 0x0000015c20e86730 Exception <a 'java/io/IOException'{0x0000000709409f38}> (0x0000000709409f38) 
thrown [s\open\src\hotspot\share\prims\jni.cpp, line 519]
Event: 3569.923 Thread 0x0000015c20e86730 Exception <a 'java/io/IOException'{0x000000070940b798}> (0x000000070940b798) 
thrown [s\open\src\hotspot\share\prims\jni.cpp, line 519]
Event: 3569.923 Thread 0x0000015c20e86730 Exception <a 'java/io/IOException'{0x000000070940bde8}> (0x000000070940bde8) 
thrown [s\open\src\hotspot\share\prims\jni.cpp, line 519]
Event: 3570.226 Thread 0x0000015c20e86730 Exception <a 'java/io/IOException'{0x000000070940d648}> (0x000000070940d648) 
thrown [s\open\src\hotspot\share\prims\jni.cpp, line 519]
Event: 3570.226 Thread 0x0000015c20e86730 Exception <a 'java/io/IOException'{0x000000070940dc98}> (0x000000070940dc98) 
thrown [s\open\src\hotspot\share\prims\jni.cpp, line 519]

VM Operations (20 events):
Event: 3565.442 Executing VM operation: Cleanup
Event: 3565.442 Executing VM operation: Cleanup done
Event: 3570.461 Executing VM operation: Cleanup
Event: 3570.462 Executing VM operation: Cleanup done
Event: 3638.226 Executing VM operation: G1CollectForAllocation
Event: 3638.242 Executing VM operation: G1CollectForAllocation done
Event: 3638.282 Executing VM operation: G1PauseRemark
Event: 3638.287 Executing VM operation: G1PauseRemark done
Event: 3638.308 Executing VM operation: G1PauseCleanup
Event: 3638.308 Executing VM operation: G1PauseCleanup done
Event: 3958.601 Executing VM operation: G1CollectForAllocation
Event: 3959.025 Executing VM operation: G1CollectForAllocation done
Event: 4326.779 Executing VM operation: G1CollectForAllocation
Event: 4326.804 Executing VM operation: G1CollectForAllocation done
Event: 4765.301 Executing VM operation: G1CollectForAllocation
Event: 4765.311 Executing VM operation: G1CollectForAllocation done
Event: 4765.389 Executing VM operation: G1PauseRemark
Event: 4765.822 Executing VM operation: G1PauseRemark done
Event: 4766.033 Executing VM operation: G1PauseCleanup
Event: 4766.056 Executing VM operation: G1PauseCleanup done

Events (20 events):
Event: 4765.818 Thread 0x0000015c1997d890 flushing nmethod 0x0000015c0ec1c510
Event: 4765.818 Thread 0x0000015c1997d890 flushing nmethod 0x0000015c0ec1b690
Event: 4765.818 Thread 0x0000015c1997d890 flushing nmethod 0x0000015c0ec13710
Event: 4765.818 Thread 0x0000015c1997d890 flushing nmethod 0x0000015c0ec1a510
Event: 4765.818 Thread 0x0000015c1997d890 flushing nmethod 0x0000015c0ec18e10
Event: 4765.818 Thread 0x0000015c1997d890 flushing nmethod 0x0000015c0ebd5390
Event: 4765.818 Thread 0x0000015c1997d890 flushing nmethod 0x0000015c0ebd1610
Event: 4765.818 Thread 0x0000015c1997d890 flushing nmethod 0x0000015c0ebcef10
Event: 4765.818 Thread 0x0000015c1997d890 flushing nmethod 0x0000015c0ebb7110
Event: 4765.818 Thread 0x0000015c1997d890 flushing nmethod 0x0000015c0ebb5790
Event: 4765.818 Thread 0x0000015c1997d890 flushing nmethod 0x0000015c0ebb4390
Event: 4765.818 Thread 0x0000015c1997d890 flushing nmethod 0x0000015c0ebad390
Event: 4765.818 Thread 0x0000015c1997d890 flushing nmethod 0x0000015c0ebad090
Event: 4765.818 Thread 0x0000015c1997d890 flushing nmethod 0x0000015c0ebacd90
Event: 4765.818 Thread 0x0000015c1997d890 flushing nmethod 0x0000015c0ebab590
Event: 4765.818 Thread 0x0000015c1997d890 flushing nmethod 0x0000015c0ebae510
Event: 4765.818 Thread 0x0000015c1997d890 flushing nmethod 0x0000015c0ebaac10
Event: 4765.818 Thread 0x0000015c1997d890 flushing nmethod 0x0000015c0ebaa090
Event: 4765.818 Thread 0x0000015c1997d890 flushing nmethod 0x0000015c0eba9d90
Event: 4765.818 Thread 0x0000015c1997d890 flushing nmethod 0x0000015c0eba9a10


Dynamic libraries:
0x00007ff7d0190000 - 0x00007ff7d01a0000 	C:\Program Files\Java\jdk-20\bin\javaw.exe
0x00007fff42970000 - 0x00007fff42b87000 	C:\windows\SYSTEM32\ntdll.dll
0x00007fff416c0000 - 0x00007fff41784000 	C:\windows\System32\KERNEL32.DLL
0x00007fff3fdb0000 - 0x00007fff40156000 	C:\windows\System32\KERNELBASE.dll
0x00007fff40310000 - 0x00007fff40421000 	C:\windows\System32\ucrtbase.dll
0x00007fff1b7e0000 - 0x00007fff1b7fb000 	C:\Program Files\Java\jdk-20\bin\VCRUNTIME140.dll
0x00007fff10860000 - 0x00007fff10879000 	C:\Program Files\Java\jdk-20\bin\jli.dll
0x00007fff41080000 - 0x00007fff41131000 	C:\windows\System32\ADVAPI32.dll
0x00007fff41440000 - 0x00007fff414e7000 	C:\windows\System32\msvcrt.dll
0x00007fff40b40000 - 0x00007fff40be5000 	C:\windows\System32\sechost.dll
0x00007fff407a0000 - 0x00007fff408b7000 	C:\windows\System32\RPCRT4.dll
0x00007fff41e10000 - 0x00007fff41fbe000 	C:\windows\System32\USER32.dll
0x00007fff3fce0000 - 0x00007fff3fd06000 	C:\windows\System32\win32u.dll
0x00007fff41920000 - 0x00007fff41949000 	C:\windows\System32\GDI32.dll
0x00007fff40430000 - 0x00007fff40548000 	C:\windows\System32\gdi32full.dll
0x00007fff3fd10000 - 0x00007fff3fdaa000 	C:\windows\System32\msvcp_win.dll
0x00007fff2e260000 - 0x00007fff2e26a000 	C:\windows\SYSTEM32\VERSION.dll
0x00007fff22de0000 - 0x00007fff23073000 	C:\windows\WinSxS\amd64_microsoft.windows.common-controls_6595b64144ccf1df_6.0.22621.2506_none_270c5ae97388e100\COMCTL32.dll
0x00007fff41790000 - 0x00007fff417c1000 	C:\windows\System32\IMM32.DLL
0x0000000056090000 - 0x0000000056102000 	C:\windows\System32\QIPCAP64.dll
0x00007fff42050000 - 0x00007fff428aa000 	C:\windows\System32\SHELL32.dll
0x00007fff3e460000 - 0x00007fff3e559000 	C:\windows\SYSTEM32\DNSAPI.dll
0x00007fff3e430000 - 0x00007fff3e45d000 	C:\windows\SYSTEM32\IPHLPAPI.DLL
0x00007fff412e0000 - 0x00007fff412e9000 	C:\windows\System32\NSI.dll
0x00007fff384e0000 - 0x00007fff384ec000 	C:\Program Files\Java\jdk-20\bin\vcruntime140_1.dll
0x00007fff107d0000 - 0x00007fff1085e000 	C:\Program Files\Java\jdk-20\bin\msvcp140.dll
0x00007ffeaab60000 - 0x00007ffeab7f7000 	C:\Program Files\Java\jdk-20\bin\server\jvm.dll
0x00007fff37e80000 - 0x00007fff37e89000 	C:\windows\SYSTEM32\WSOCK32.dll
0x00007fff413c0000 - 0x00007fff41431000 	C:\windows\System32\WS2_32.dll
0x00007fff375b0000 - 0x00007fff375e4000 	C:\windows\SYSTEM32\WINMM.dll
0x00007fff3ebb0000 - 0x00007fff3ebc8000 	C:\windows\SYSTEM32\kernel.appcore.dll
0x00007fff107c0000 - 0x00007fff107ca000 	C:\Program Files\Java\jdk-20\bin\jimage.dll
0x00007fff3d1e0000 - 0x00007fff3d413000 	C:\windows\SYSTEM32\DBGHELP.DLL
0x00007fff419c0000 - 0x00007fff41d49000 	C:\windows\System32\combase.dll
0x00007fff406c0000 - 0x00007fff40797000 	C:\windows\System32\OLEAUT32.dll
0x00007fff16670000 - 0x00007fff166a2000 	C:\windows\SYSTEM32\dbgcore.DLL
0x00007fff40160000 - 0x00007fff401da000 	C:\windows\System32\bcryptPrimitives.dll
0x00007fff10710000 - 0x00007fff10736000 	C:\Program Files\Java\jdk-20\bin\java.dll
0x00007fff10630000 - 0x00007fff10707000 	C:\Program Files\Java\jdk-20\bin\jsvml.dll
0x00007fff3da10000 - 0x00007fff3e306000 	C:\windows\SYSTEM32\windows.storage.dll
0x00007fff3d8a0000 - 0x00007fff3d9de000 	C:\windows\SYSTEM32\wintypes.dll
0x00007fff40a40000 - 0x00007fff40b33000 	C:\windows\System32\SHCORE.dll
0x00007fff41d50000 - 0x00007fff41dae000 	C:\windows\System32\shlwapi.dll
0x00007fff3fc10000 - 0x00007fff3fc36000 	C:\windows\SYSTEM32\profapi.dll
0x00007fff10610000 - 0x00007fff10623000 	C:\Program Files\Java\jdk-20\bin\net.dll
0x00007fff3ebd0000 - 0x00007fff3ed07000 	C:\windows\SYSTEM32\WINHTTP.dll
0x00007fff3f160000 - 0x00007fff3f1c9000 	C:\windows\system32\mswsock.dll
0x00007fff105f0000 - 0x00007fff10606000 	C:\Program Files\Java\jdk-20\bin\nio.dll
0x00007fff105d0000 - 0x00007fff105e8000 	C:\Program Files\Java\jdk-20\bin\zip.dll
0x00007fff10590000 - 0x00007fff1059a000 	C:\Program Files\Java\jdk-20\bin\management.dll
0x00007fff10580000 - 0x00007fff1058b000 	C:\Program Files\Java\jdk-20\bin\management_ext.dll
0x00007fff416b0000 - 0x00007fff416b8000 	C:\windows\System32\PSAPI.DLL
0x00007fff16770000 - 0x00007fff16787000 	C:\windows\system32\napinsp.dll
0x00007fff16790000 - 0x00007fff167ab000 	C:\windows\system32\pnrpnsp.dll
0x00007fff167b0000 - 0x00007fff167c1000 	C:\windows\System32\winrnr.dll
0x00007fff35b70000 - 0x00007fff35b85000 	C:\windows\system32\wshbth.dll
0x00007fff172d0000 - 0x00007fff172f1000 	C:\windows\system32\nlansp_c.dll
0x00007fff37140000 - 0x00007fff3714a000 	C:\Windows\System32\rasadhlp.dll
0x00007fff388f0000 - 0x00007fff38973000 	C:\windows\System32\fwpuclnt.dll
0x00007fff3f460000 - 0x00007fff3f47b000 	C:\windows\SYSTEM32\CRYPTSP.dll
0x00007fff3eb10000 - 0x00007fff3eb45000 	C:\windows\system32\rsaenh.dll
0x00007fff3f200000 - 0x00007fff3f22c000 	C:\windows\SYSTEM32\USERENV.dll
0x00007fff3f5a0000 - 0x00007fff3f5c8000 	C:\windows\SYSTEM32\bcrypt.dll
0x00007fff3f440000 - 0x00007fff3f44c000 	C:\windows\SYSTEM32\CRYPTBASE.dll
0x00007fff37720000 - 0x00007fff37739000 	C:\windows\SYSTEM32\dhcpcsvc6.DLL
0x00007fff37d50000 - 0x00007fff37d6f000 	C:\windows\SYSTEM32\dhcpcsvc.DLL
0x00007fff10570000 - 0x00007fff10577000 	C:\Program Files\Java\jdk-20\bin\extnet.dll
0x00007fff10520000 - 0x00007fff1052e000 	C:\Program Files\Java\jdk-20\bin\sunmscapi.dll
0x00007fff40550000 - 0x00007fff406b6000 	C:\windows\System32\CRYPT32.dll
0x00007fff3f570000 - 0x00007fff3f59d000 	C:\windows\SYSTEM32\ncrypt.dll
0x00007fff3f530000 - 0x00007fff3f567000 	C:\windows\SYSTEM32\NTASN1.dll
0x00007fff107b0000 - 0x00007fff107c0000 	C:\Program Files\Java\jdk-20\bin\verify.dll
0x00007fff1b7d0000 - 0x00007fff1b7d8000 	C:\windows\system32\wshunix.dll

dbghelp: loaded successfully - version: 4.0.5 - missing functions: none
symbol engine: initialized successfully - sym options: 0x614 - pdb path: .;C:\Program Files\Java\jdk-20\bin;C:\windows\SYSTEM32;C:\windows\WinSxS\amd64_microsoft.windows.common-controls_6595b64144ccf1df_6.0.22621.2506_none_270c5ae97388e100;C:\Program Files\Java\jdk-20\bin\server

VM Arguments:
jvm_args: -Djava.vendor=New Oracle -Dcom.sun.management.jmxremote -Dcom.sun.management.jmxremote.port=56633 -Dcom.sun.management.jmxremote.authenticate=false -Dcom.sun.management.jmxremote.ssl=false -Djava.rmi.server.hostname=localhost -Dspring.jmx.enabled=true -Dmanagement.endpoints.jmx.exposure.include=* -Dspring.application.admin.enabled=true -XX:TieredStopAtLevel=1 -Dspring.boot.project.name=purchase-order -Dfile.encoding=UTF-8 -XX:+ShowCodeDetailsInExceptionMessages 
java_command: com.inventory.purchaseorder.PurchaseOrderApplication --spring.output.ansi.enabled=always
java_class_path (initial): C:\Users\monikakumari1\Downloads\Inventory-management-backend\purchase-order\purchase-order\target\classes;C:\Users\monikakumari1\.m2\repository\org\springframework\boot\spring-boot-starter-data-jpa\3.1.3\spring-boot-starter-data-jpa-3.1.3.jar;C:\Users\monikakumari1\.m2\repository\org\springframework\boot\spring-boot-starter-aop\3.1.3\spring-boot-starter-aop-3.1.3.jar;C:\Users\monikakumari1\.m2\repository\org\springframework\spring-aop\6.0.11\spring-aop-6.0.11.jar;C:\Users\monikakumari1\.m2\repository\org\aspectj\aspectjweaver\1.9.20\aspectjweaver-1.9.20.jar;C:\Users\monikakumari1\.m2\repository\org\springframework\boot\spring-boot-starter-jdbc\3.1.3\spring-boot-starter-jdbc-3.1.3.jar;C:\Users\monikakumari1\.m2\repository\com\zaxxer\HikariCP\5.0.1\HikariCP-5.0.1.jar;C:\Users\monikakumari1\.m2\repository\org\springframework\spring-jdbc\6.0.11\spring-jdbc-6.0.11.jar;C:\Users\monikakumari1\.m2\repository\org\hibernate\orm\hibernate-core\6.2.7.Final\hibernate-core-6.2.7.Final.jar;C:\Users\monikakumari1\.m2\repository\jakarta\persistence\jakarta.persistence-api\3.1.0\jakarta.persistence-api-3.1.0.jar;C:\Users\monikakumari1\.m2\repository\jakarta\transaction\jakarta.transaction-api\2.0.1\jakarta.transaction-api-2.0.1.jar;C:\Users\monikakumari1\.m2\repository\org\jboss\logging\jboss-logging\3.5.3.Final\jboss-logging-3.5.3.Final.jar;C:\Users\monikakumari1\.m2\repository\org\hibernate\common\hibernate-commons-annotations\6.0.6.Final\hibernate-commons-annotations-6.0.6.Final.jar;C:\Users\monikakumari1\.m2\repository\io\smallrye\jandex\3.0.5\jandex-3.0.5.jar;C:\Users\monikakumari1\.m2\repository\com\fasterxml\classmate\1.5.1\classmate-1.5.1.jar;C:\Users\monikakumari1\.m2\repository\net\bytebuddy\byte-buddy\1.14.6\byte-buddy-1.14.6.jar;C:\Users\monikakumari1\.m2\repository\org\glassfish\jaxb\jaxb-runtime\4.0.3\jaxb-runtime-4.0.3.jar;C:\Users\monikakumari1\.m2\repository\org\glassfish\jaxb\jaxb-core\4.0.3\jaxb-core-4.0.3.jar;C:\Users\monikakumari1\.m2\repository\org\eclipse\angus\angus-activation\2.0.1\angus-activation-2.0.1.jar;C:\Users\monikakumari1\.m2\repository\org\glassfish\jaxb\txw2\4.0.3\txw2-4.0.3.jar;C:\Users\monikakumari1\.m2\repository\com\sun\istack\istack-commons-runtime\4.1.2\istack-commons-runtime-4.1.2.jar;C:\Users\monikakumari1\.m2\repository\jakarta\inject\jakarta.inject-api\2.0.1\jakarta.inject-api-2.0.1.jar;C:\Users\monikakumari1\.m2\repository\org\antlr\antlr4-runtime\4.10.1\antlr4-runtime-4.10.1.jar;C:\Users\monikakumari1\.m2\repository\org\springframework\data\spring-data-jpa\3.1.3\spring-data-jpa-3.1.3.jar;C:\Users\monikakumari1\.m2\repository\org\springframework\data\spring-data-commons\3.1.3\spring-data-commons-3.1.3.jar;C:\Users\monikakumari1\.m2\repository\org\springframework\spring-orm\6.0.11\spring-orm-6.0.11.jar;C:\Users\monikakumari1\.m2\repository\org\springframework\spring-context\6.0.11\spring-context-6.0.11.jar;C:\Users\monikakumari1\.m2\repository\org\springframework\spring-tx\6.0.11\spring-tx-6.0.11.jar;C:\Users\monikakumari1\.m2\repository\org\springframework\spring-beans\6.0.11\spring-beans-6.0.11.jar;C:\Users\monikakumari1\.m2\repository\jakarta\annotation\jakarta.annotation-api\2.1.1\jakarta.annotation-api-2.1.1.jar;C:\Users\monikakumari1\.m2\repository\org\slf4j\slf4j-api\2.0.7\slf4j-api-2.0.7.jar;C:\Users\monikakumari1\.m2\repository\org\springframework\spring-aspects\6.0.11\spring-aspects-6.0.11.jar;C:\Users\monikakumari1\.m2\repository\org\springframework\boot\spring-boot-starter-web\3.1.3\spring-boot-starter-web-3.1.3.jar;C:\Users\monikakumari1\.m2\repository\org\springframework\boot\spring-boot-starter\3.1.3\spring-boot-starter-3.1.3.jar;C:\Users\monikakumari1\.m2\repository\org\springframework\boot\spring-boot-starter-logging\3.1.3\spring-boot-starter-logging-3.1.3.jar;C:\Users\monikakumari1\.m2\repository\ch\qos\logback\logback-classic\1.4.11\logback-classic-1.4.11.jar;C:\Users\monikakumari1\.m2\repository\ch\qos\logback\logback-core\1.4.11\logback-core-1.4.11.jar;C:\Users\monikakumari1\.m2\repository\org\apache\logging\log4j\log4j-to-slf4j\2.20.0\log4j-to-slf4j-2.20.0.jar;C:\Users\monikakumari1\.m2\repository\org\apache\logging\log4j\log4j-api\2.20.0\log4j-api-2.20.0.jar;C:\Users\monikakumari1\.m2\repository\org\slf4j\jul-to-slf4j\2.0.7\jul-to-slf4j-2.0.7.jar;C:\Users\monikakumari1\.m2\repository\org\yaml\snakeyaml\1.33\snakeyaml-1.33.jar;C:\Users\monikakumari1\.m2\repository\org\springframework\boot\spring-boot-starter-json\3.1.3\spring-boot-starter-json-3.1.3.jar;C:\Users\monikakumari1\.m2\repository\com\fasterxml\jackson\core\jackson-databind\2.15.2\jackson-databind-2.15.2.jar;C:\Users\monikakumari1\.m2\repository\com\fasterxml\jackson\core\jackson-annotations\2.15.2\jackson-annotations-2.15.2.jar;C:\Users\monikakumari1\.m2\repository\com\fasterxml\jackson\core\jackson-core\2.15.2\jackson-core-2.15.2.jar;C:\Users\monikakumari1\.m2\repository\com\fasterxml\jackson\datatype\jackson-datatype-jdk8\2.15.2\jackson-datatype-jdk8-2.15.2.jar;C:\Users\monikakumari1\.m2\repository\com\fasterxml\jackson\datatype\jackson-datatype-jsr310\2.15.2\jackson-datatype-jsr310-2.15.2.jar;C:\Users\monikakumari1\.m2\repository\com\fasterxml\jackson\module\jackson-module-parameter-names\2.15.2\jackson-module-parameter-names-2.15.2.jar;C:\Users\monikakumari1\.m2\repository\org\springframework\boot\spring-boot-starter-tomcat\3.1.3\spring-boot-starter-tomcat-3.1.3.jar;C:\Users\monikakumari1\.m2\repository\org\apache\tomcat\embed\tomcat-embed-core\10.1.12\tomcat-embed-core-10.1.12.jar;C:\Users\monikakumari1\.m2\repository\org\apache\tomcat\embed\tomcat-embed-el\10.1.12\tomcat-embed-el-10.1.12.jar;C:\Users\monikakumari1\.m2\repository\org\apache\tomcat\embed\tomcat-embed-websocket\10.1.12\tomcat-embed-websocket-10.1.12.jar;C:\Users\monikakumari1\.m2\repository\org\springframework\spring-web\6.0.11\spring-web-6.0.11.jar;C:\Users\monikakumari1\.m2\repository\io\micrometer\micrometer-observation\1.11.3\micrometer-observation-1.11.3.jar;C:\Users\monikakumari1\.m2\repository\io\micrometer\micrometer-commons\1.11.3\micrometer-commons-1.11.3.jar;C:\Users\monikakumari1\.m2\repository\org\springframework\spring-webmvc\6.0.11\spring-webmvc-6.0.11.jar;C:\Users\monikakumari1\.m2\repository\org\springframework\spring-expression\6.0.11\spring-expression-6.0.11.jar;C:\Users\monikakumari1\.m2\repository\org\springframework\boot\spring-boot-devtools\3.1.3\spring-boot-devtools-3.1.3.jar;C:\Users\monikakumari1\.m2\repository\org\springframework\boot\spring-boot\3.1.3\spring-boot-3.1.3.jar;C:\Users\monikakumari1\.m2\repository\org\springframework\boot\spring-boot-autoconfigure\3.1.3\spring-boot-autoconfigure-3.1.3.jar;C:\Users\monikakumari1\.m2\repository\com\mysql\mysql-connector-j\8.0.33\mysql-connector-j-8.0.33.jar;C:\Users\monikakumari1\.m2\repository\jakarta\xml\bind\jakarta.xml.bind-api\4.0.0\jakarta.xml.bind-api-4.0.0.jar;C:\Users\monikakumari1\.m2\repository\jakarta\activation\jakarta.activation-api\2.1.2\jakarta.activation-api-2.1.2.jar;C:\Users\monikakumari1\.m2\repository\org\springframework\spring-core\6.0.11\spring-core-6.0.11.jar;C:\Users\monikakumari1\.m2\repository\org\springframework\spring-jcl\6.0.11\spring-jcl-6.0.11.jar
Launcher Type: SUN_STANDARD

[Global flags]
     intx CICompilerCount                          = 4                                         {product} {ergonomic}
     uint ConcGCThreads                            = 3                                         {product} {ergonomic}
     uint G1ConcRefinementThreads                  = 10                                        {product} {ergonomic}
   size_t G1HeapRegionSize                         = 2097152                                   {product} {ergonomic}
    uintx GCDrainStackTargetSize                   = 64                                        {product} {ergonomic}
   size_t InitialHeapSize                          = 264241152                                 {product} {ergonomic}
     bool ManagementServer                         = true                                      {product} {command line}
   size_t MarkStackSize                            = 4194304                                   {product} {ergonomic}
   size_t MaxHeapSize                              = 4200595456                                {product} {ergonomic}
   size_t MaxNewSize                               = 2518679552                                {product} {ergonomic}
   size_t MinHeapDeltaBytes                        = 2097152                                   {product} {ergonomic}
   size_t MinHeapSize                              = 8388608                                   {product} {ergonomic}
    uintx NonProfiledCodeHeapSize                  = 0                                      {pd product} {ergonomic}
     bool ProfileInterpreter                       = false                                  {pd product} {command line}
    uintx ProfiledCodeHeapSize                     = 0                                      {pd product} {ergonomic}
     bool ShowCodeDetailsInExceptionMessages       = true                                   {manageable} {command line}
   size_t SoftMaxHeapSize                          = 4200595456                             {manageable} {ergonomic}
     intx TieredStopAtLevel                        = 1                                         {product} {command line}
     bool UseCompressedClassPointers               = true                           {product lp64_product} {ergonomic}
     bool UseCompressedOops                        = true                           {product lp64_product} {ergonomic}
     bool UseG1GC                                  = true                                      {product} {ergonomic}
     bool UseLargePagesIndividualAllocation        = false                                  {pd product} {ergonomic}

Logging:
Log output configuration:
 #0: stdout all=warning uptime,level,tags foldmultilines=false
 #1: stderr all=off uptime,level,tags foldmultilines=false

Environment Variables:
JAVA_HOME=C:\Program Files\Java\jdk-20
JAVA_TOOL_OPTIONS=-Djava.vendor="New Oracle"
PATH=C:\Program Files\Common Files\Oracle\Java\javapath;C:\windows\system32;C:\windows;C:\windows\System32\Wbem;C:\windows\System32\WindowsPowerShell\v1.0\;C:\windows\System32\OpenSSH\;C:\Program Files\nodejs\;C:\Users\monikakumari1\AppData\Local\Android\Sdk\platform-tools;C:\Users\monikakumari1\AppData\Local\Microsoft\WindowsApps;;C:\Users\monikakumari1\AppData\Local\Programs\Microsoft VS Code\bin
USERNAME=monikakumari1
OS=Windows_NT
PROCESSOR_IDENTIFIER=Intel64 Family 6 Model 186 Stepping 3, GenuineIntel
TMP=C:\Users\MONIKA~1\AppData\Local\Temp
TEMP=C:\Users\MONIKA~1\AppData\Local\Temp




---------------  S Y S T E M  ---------------

OS:
 Windows 11 , 64 bit Build 22621 (10.0.22621.2506)
OS uptime: 0 days 3:09 hours
Hyper-V role detected

CPU: total 12 (initial active 12) (6 cores per cpu, 2 threads per core) family 6 model 186 stepping 3 microcode 0x411c, cx8, cmov, fxsr, ht, mmx, 3dnowpref, sse, sse2, sse3, ssse3, sse4.1, sse4.2, popcnt, lzcnt, tsc, tscinvbit, avx, avx2, aes, erms, clmul, bmi1, bmi2, adx, sha, fma, vzeroupper, clflush, clflushopt, clwb, hv, serialize, rdtscp, rdpid, fsrm, f16c, cet_ibt, cet_ss

Memory: 4k page, system-wide physical 16016M (1389M free)
TotalPageFile size 40040M (AvailPageFile size 18606M)
current process WorkingSet (physical memory assigned to process): 179M, peak: 244M
current process commit charge ("private bytes"): 290M, peak: 375M

vm_info: Java HotSpot(TM) 64-Bit Server VM (20+36-2344) for windows-amd64 JRE (20+36-2344), built on 2023-02-10T19:30:15Z by "mach5one" with MS VC++ 17.1 (VS2022)

END.
